<?xml version="1.0" encoding="UTF-8"?>
<!-- Generated by org.testng.reporters.JUnitReportReporter -->
<testsuite hostname="DESKTOP-0AAQTU0" failures="0" tests="1" name="com.simplilearn.Capstone_Project.AppTest" time="0.008" errors="0" timestamp="18 Mar. 2023 03:17:20 GMT" skipped="0">
  <testcase classname="com.simplilearn.Capstone_Project.AppTest" name="testApp" time="0.008"/>
</testsuite> <!-- com.simplilearn.Capstone_Project.AppTest -->
